{"timestamp": "2026-06-05T12:34:07.405161", "level": "DEBUG", "logger": "DemoSystem", "message": "This is DEBUG message - detailed diagnostic", "module": "demo_logging", "function": "demo_logging_levels", "line": 34}
{"timestamp": "2026-06-05T12:34:07.405161", "level": "INFO", "logger": "DemoSystem", "message": "This is INFO message - normal operation", "module": "demo_logging", "function": "demo_logging_levels", "line": 35}
{"timestamp": "2026-06-05T12:34:07.405161", "level": "WARNING", "logger": "DemoSystem", "message": "This is WARNING message - something suspicious", "module": "demo_logging", "function": "demo_logging_levels", "line": 36}
{"timestamp": "2026-06-05T12:34:07.405161", "level": "ERROR", "logger": "DemoSystem", "message": "This is ERROR message - operation failed", "module": "demo_logging", "function": "demo_logging_levels", "line": 37}
{"timestamp": "2026-06-05T12:34:07.406510", "level": "INFO", "logger": "DemoSystem", "message": "Business event with properties", "module": "logger_config", "function": "log_with_props", "line": 99, "props": {"user_id": 123, "action": "login", "ip": "192.168.1.1"}}
{"timestamp": "2026-06-05T12:34:07.406510", "level": "INFO", "logger": "DemoSystem", "message": "Attempt 1: Calling unstable service", "module": "demo_logging", "function": "demo_retry_pattern", "line": 53}
{"timestamp": "2026-06-05T12:34:07.928955", "level": "INFO", "logger": "DemoSystem", "message": "Attempt 2: Calling unstable service", "module": "demo_logging", "function": "demo_retry_pattern", "line": 53}
{"timestamp": "2026-06-05T12:34:08.930893", "level": "INFO", "logger": "DemoSystem", "message": "Attempt 3: Calling unstable service", "module": "demo_logging", "function": "demo_retry_pattern", "line": 53}
{"timestamp": "2026-06-05T12:34:09.432281", "level": "INFO", "logger": "DemoSystem", "message": "Attempt 4: Calling unstable service", "module": "demo_logging", "function": "demo_retry_pattern", "line": 53}
{"timestamp": "2026-06-05T12:34:11.436912", "level": "INFO", "logger": "DemoSystem", "message": "Attempt 5: Calling unstable service", "module": "demo_logging", "function": "demo_retry_pattern", "line": 53}
{"timestamp": "2026-06-05T12:34:11.938706", "level": "INFO", "logger": "DemoSystem", "message": "Stats: Success=4, Failures=1", "module": "demo_logging", "function": "demo_retry_pattern", "line": 63}
{"timestamp": "2026-06-05T12:34:11.938706", "level": "INFO", "logger": "DemoSystem", "message": "Request 1: Checking circuit state: closed", "module": "demo_logging", "function": "demo_circuit_breaker", "line": 76}
{"timestamp": "2026-06-05T12:36:38.220722", "level": "DEBUG", "logger": "DemoSystem", "message": "This is DEBUG message - detailed diagnostic", "module": "demo_logging", "function": "demo_logging_levels", "line": 34}
{"timestamp": "2026-06-05T12:36:38.220722", "level": "INFO", "logger": "DemoSystem", "message": "This is INFO message - normal operation", "module": "demo_logging", "function": "demo_logging_levels", "line": 35}
{"timestamp": "2026-06-05T12:36:38.220722", "level": "WARNING", "logger": "DemoSystem", "message": "This is WARNING message - something suspicious", "module": "demo_logging", "function": "demo_logging_levels", "line": 36}
{"timestamp": "2026-06-05T12:36:38.220722", "level": "ERROR", "logger": "DemoSystem", "message": "This is ERROR message - operation failed", "module": "demo_logging", "function": "demo_logging_levels", "line": 37}
{"timestamp": "2026-06-05T12:36:38.220722", "level": "INFO", "logger": "DemoSystem", "message": "Business event with properties", "module": "logger_config", "function": "log_with_props", "line": 99, "props": {"user_id": 123, "action": "login", "ip": "192.168.1.1"}}
{"timestamp": "2026-06-05T12:36:38.220722", "level": "INFO", "logger": "DemoSystem", "message": "Attempt 1: Calling unstable service", "module": "demo_logging", "function": "demo_retry_pattern", "line": 53}
{"timestamp": "2026-06-05T12:36:39.225034", "level": "INFO", "logger": "DemoSystem", "message": "Attempt 2: Calling unstable service", "module": "demo_logging", "function": "demo_retry_pattern", "line": 53}
{"timestamp": "2026-06-05T12:36:41.228808", "level": "INFO", "logger": "DemoSystem", "message": "Attempt 3: Calling unstable service", "module": "demo_logging", "function": "demo_retry_pattern", "line": 53}
{"timestamp": "2026-06-05T12:36:41.730173", "level": "INFO", "logger": "DemoSystem", "message": "Attempt 4: Calling unstable service", "module": "demo_logging", "function": "demo_retry_pattern", "line": 53}
{"timestamp": "2026-06-05T12:36:43.733843", "level": "INFO", "logger": "DemoSystem", "message": "Attempt 5: Calling unstable service", "module": "demo_logging", "function": "demo_retry_pattern", "line": 53}
{"timestamp": "2026-06-05T12:36:44.235578", "level": "INFO", "logger": "DemoSystem", "message": "Stats: Success=3, Failures=2", "module": "demo_logging", "function": "demo_retry_pattern", "line": 63}
{"timestamp": "2026-06-05T12:36:44.235839", "level": "INFO", "logger": "DemoSystem", "message": "Request 1: Checking circuit state: closed", "module": "demo_logging", "function": "demo_circuit_breaker", "line": 76}
{"timestamp": "2026-06-05T12:37:54.117486", "level": "DEBUG", "logger": "DemoSystem", "message": "This is DEBUG message - detailed diagnostic", "module": "demo_logging", "function": "demo_logging_levels", "line": 34}
{"timestamp": "2026-06-05T12:37:54.117486", "level": "INFO", "logger": "DemoSystem", "message": "This is INFO message - normal operation", "module": "demo_logging", "function": "demo_logging_levels", "line": 35}
{"timestamp": "2026-06-05T12:37:54.117486", "level": "WARNING", "logger": "DemoSystem", "message": "This is WARNING message - something suspicious", "module": "demo_logging", "function": "demo_logging_levels", "line": 36}
{"timestamp": "2026-06-05T12:37:54.117486", "level": "ERROR", "logger": "DemoSystem", "message": "This is ERROR message - operation failed", "module": "demo_logging", "function": "demo_logging_levels", "line": 37}
{"timestamp": "2026-06-05T12:37:54.117486", "level": "INFO", "logger": "DemoSystem", "message": "Business event with properties", "module": "logger_config", "function": "log_with_props", "line": 81, "props": {"user_id": 123, "action": "login", "ip": "192.168.1.1"}}
{"timestamp": "2026-06-05T12:37:54.118484", "level": "INFO", "logger": "DemoSystem", "message": "Attempt 1: Calling unstable service", "module": "demo_logging", "function": "demo_retry_pattern", "line": 53}
{"timestamp": "2026-06-05T12:37:55.619978", "level": "ERROR", "logger": "DemoSystem", "message": "[FAIL] Failed after retries: Temporary network error", "module": "demo_logging", "function": "demo_retry_pattern", "line": 58}
{"timestamp": "2026-06-05T12:37:56.120579", "level": "INFO", "logger": "DemoSystem", "message": "Attempt 2: Calling unstable service", "module": "demo_logging", "function": "demo_retry_pattern", "line": 53}
{"timestamp": "2026-06-05T12:37:57.622023", "level": "ERROR", "logger": "DemoSystem", "message": "[FAIL] Failed after retries: Business validation failed", "module": "demo_logging", "function": "demo_retry_pattern", "line": 58}
{"timestamp": "2026-06-05T12:37:58.122587", "level": "INFO", "logger": "DemoSystem", "message": "Attempt 3: Calling unstable service", "module": "demo_logging", "function": "demo_retry_pattern", "line": 53}
{"timestamp": "2026-06-05T12:37:59.624070", "level": "INFO", "logger": "DemoSystem", "message": "[OK] Success: {'status': 'success', 'data': 'Operation completed'}", "module": "demo_logging", "function": "demo_retry_pattern", "line": 55}
{"timestamp": "2026-06-05T12:38:00.124703", "level": "INFO", "logger": "DemoSystem", "message": "Attempt 4: Calling unstable service", "module": "demo_logging", "function": "demo_retry_pattern", "line": 53}
{"timestamp": "2026-06-05T12:38:00.124703", "level": "INFO", "logger": "DemoSystem", "message": "[OK] Success: {'status': 'success', 'data': 'Operation completed'}", "module": "demo_logging", "function": "demo_retry_pattern", "line": 55}
{"timestamp": "2026-06-05T12:38:00.625345", "level": "INFO", "logger": "DemoSystem", "message": "Attempt 5: Calling unstable service", "module": "demo_logging", "function": "demo_retry_pattern", "line": 53}
{"timestamp": "2026-06-05T12:38:00.625345", "level": "INFO", "logger": "DemoSystem", "message": "[OK] Success: {'status': 'success', 'data': 'Operation completed'}", "module": "demo_logging", "function": "demo_retry_pattern", "line": 55}
{"timestamp": "2026-06-05T12:38:01.125887", "level": "INFO", "logger": "DemoSystem", "message": "Stats: Success=3, Failures=2", "module": "demo_logging", "function": "demo_retry_pattern", "line": 63}
{"timestamp": "2026-06-05T12:38:01.125887", "level": "INFO", "logger": "DemoSystem", "message": "Request 1: Checking circuit state: closed", "module": "demo_logging", "function": "demo_circuit_breaker", "line": 76}
